Feb-03 20:27:10.579 [main] DEBUG nextflow.cli.Launcher - $> nextflow -log output/nextflow.log kuberun 'https://github.com/unicle-denisabuzan/trial-r' -ansi-log false -latest -name workflow-63dd5ab8b2eed59d076bd7f4-0003 -profile standard -revision master -volume-mount test-dynamic-volume-claim
Feb-03 20:27:10.652 [main] DEBUG nextflow.plugin.PluginsFacade - Setting up plugin manager > mode=prod; embedded=false; plugins-dir=/home/denisa/.nextflow/plugins; core-plugins: nf-amazon@1.14.0,nf-azure@0.15.1,nf-codecommit@0.1.3,nf-console@1.0.5,nf-ga4gh@1.0.4,nf-google@1.6.0,nf-tower@1.5.9,nf-wave@0.7.0
Feb-03 20:27:10.659 [main] INFO  org.pf4j.DefaultPluginStatusProvider - Enabled plugins: []
Feb-03 20:27:10.660 [main] INFO  org.pf4j.DefaultPluginStatusProvider - Disabled plugins: []
Feb-03 20:27:10.662 [main] INFO  org.pf4j.DefaultPluginManager - PF4J version 3.4.1 in 'deployment' mode
Feb-03 20:27:10.668 [main] INFO  org.pf4j.AbstractPluginManager - No plugins
Feb-03 20:27:10.676 [main] DEBUG nextflow.scm.ProviderConfig - Using SCM config path: /home/denisa/.nextflow/scm
Feb-03 20:27:10.694 [main] DEBUG nextflow.scm.RepositoryFactory - Found Git repository result: [RepositoryFactory]
Feb-03 20:27:10.711 [main] DEBUG nextflow.scm.RepositoryFactory - Git url=nextflow.scm.GitUrl(https, null, github.com, unicle-denisabuzan/trial-r) -> config=ProviderConfig[name: github, platform: github, server: https://github.com]
Feb-03 20:27:10.711 [main] DEBUG nextflow.scm.AssetManager - Repository URL: https://github.com/unicle-denisabuzan/trial-r; Project: unicle-denisabuzan/trial-r; Hub provider: github
Feb-03 20:27:10.716 [main] DEBUG nextflow.scm.RepositoryProvider - Request [credentials -:-] -> https://api.github.com/repos/unicle-denisabuzan/trial-r/contents/nextflow.config
Feb-03 20:27:11.287 [main] DEBUG nextflow.config.ConfigBuilder - Found config local: /home/denisa/Desktop/trial-R/nextflow.config
Feb-03 20:27:11.289 [main] DEBUG nextflow.config.ConfigBuilder - User config file: https://github.com/unicle-denisabuzan/trial-r/nextflow.config
Feb-03 20:27:11.290 [main] DEBUG nextflow.config.ConfigBuilder - Parsing config file: /home/denisa/Desktop/trial-R/nextflow.config
Feb-03 20:27:11.290 [main] DEBUG nextflow.config.ConfigBuilder - Parsing config file: https://github.com/unicle-denisabuzan/trial-r/nextflow.config
Feb-03 20:27:11.310 [main] DEBUG nextflow.config.ConfigBuilder - Applying config profile: `standard`
Feb-03 20:27:11.643 [main] DEBUG nextflow.config.ConfigBuilder - Applying config profile: `standard`
Feb-03 20:27:12.299 [main] DEBUG nextflow.k8s.K8sConfig - Kubernetes workDir=/workspace/example_nf/example_nf/work; projectDir=/workspace/projects; volumeClaims=[test-dynamic-volume-claim]
Feb-03 20:27:12.498 [main] ERROR nextflow.cli.Launcher - @unknown
nextflow.k8s.client.K8sResponseException: Request GET /api/v1/namespaces/default/persistentvolumeclaims/test-dynamic-volume-claim returned an error code=403

  {
      "kind": "Status",
      "apiVersion": "v1",
      "metadata": {
          
      },
      "status": "Failure",
      "message": "persistentvolumeclaims \"test-dynamic-volume-claim\" is forbidden: User \"system:anonymous\" cannot get resource \"persistentvolumeclaims\" in API group \"\" in the namespace \"default\"",
      "reason": "Forbidden",
      "details": {
          "name": "test-dynamic-volume-claim",
          "kind": "persistentvolumeclaims"
      },
      "code": 403
  }

	at nextflow.k8s.client.K8sClient.makeRequestCall(K8sClient.groovy:675)
	at nextflow.k8s.client.K8sClient.makeRequest(K8sClient.groovy:631)
	at nextflow.k8s.client.K8sClient.makeRequest(K8sClient.groovy)
	at nextflow.k8s.client.K8sClient.get(K8sClient.groovy:684)
	at nextflow.k8s.client.K8sClient.volumeClaimRead(K8sClient.groovy:734)
	at nextflow.k8s.K8sConfig.checkStorageAndPaths(K8sConfig.groovy:272)
	at nextflow.k8s.K8sConfig$checkStorageAndPaths$0.call(Unknown Source)
	at org.codehaus.groovy.runtime.callsite.CallSiteArray.defaultCall(CallSiteArray.java:47)
	at org.codehaus.groovy.runtime.callsite.AbstractCallSite.call(AbstractCallSite.java:125)
	at org.codehaus.groovy.runtime.callsite.AbstractCallSite.call(AbstractCallSite.java:139)
	at nextflow.k8s.K8sDriverLauncher.run(K8sDriverLauncher.groovy:145)
	at nextflow.cli.CmdKubeRun.run(CmdKubeRun.groovy:98)
	at nextflow.cli.Launcher.run(Launcher.groovy:495)
	at nextflow.cli.Launcher.main(Launcher.groovy:654)
